2023-01-07 21:24:55,385 [Worker-8: Loading available Gradle versions] INFO  o.e.b.c.i.u.g.PublishedGradleVersions - Gradle version information cache is up-to-date. Trying to read.
2023-01-07 21:39:01,129 [Worker-0: Import Getting Started Content] INFO  o.e.m.c.i.l.LifecycleMappingFactory - Using org.eclipse.m2e.jdt.JarLifecycleMapping lifecycle mapping for MavenProject: com.kruger:Usuario:0.0.1-SNAPSHOT @ C:\Spring Tools 4\Construccion de una API REST\Usuario\pom.xml.
2023-01-07 21:39:02,947 [Worker-0: Import Getting Started Content] INFO  o.e.m.j.i.AbstractJavaProjectConfigurator - Adding source folder /Usuario/src/main/java
2023-01-07 21:39:02,949 [Worker-0: Import Getting Started Content] INFO  o.e.m.j.i.AbstractJavaProjectConfigurator - Adding resource folder /Usuario/src/main/resources
2023-01-07 21:39:02,956 [Worker-0: Import Getting Started Content] INFO  o.e.m.j.i.AbstractJavaProjectConfigurator - Adding resource folder /Usuario/src/main/resources
2023-01-07 21:39:02,962 [Worker-0: Import Getting Started Content] INFO  o.e.m.j.i.AbstractJavaProjectConfigurator - Adding source folder /Usuario/src/test/java
2023-01-07 21:39:05,829 [Worker-0: Import Getting Started Content] INFO  o.e.m.c.i.p.ProjectConfigurationManager - Imported and configured 1 project(s) in 6 sec
2023-01-07 21:39:05,838 [Worker-0: Import Getting Started Content] INFO  o.e.m.c.i.p.ProjectConfigurationManager - Update started
2023-01-07 21:39:06,225 [Worker-0: Import Getting Started Content] INFO  o.e.m.c.i.l.LifecycleMappingFactory - Using org.eclipse.m2e.jdt.JarLifecycleMapping lifecycle mapping for MavenProject: com.kruger:Usuario:0.0.1-SNAPSHOT @ C:\Spring Tools 4\Construccion de una API REST\Usuario\pom.xml.
2023-01-07 21:39:07,043 [Worker-0: Import Getting Started Content] INFO  o.e.m.j.i.AbstractJavaProjectConfigurator - Adding source folder /Usuario/src/main/java
2023-01-07 21:39:07,044 [Worker-0: Import Getting Started Content] INFO  o.e.m.j.i.AbstractJavaProjectConfigurator - Adding resource folder /Usuario/src/main/resources
2023-01-07 21:39:07,045 [Worker-0: Import Getting Started Content] INFO  o.e.m.j.i.AbstractJavaProjectConfigurator - Adding resource folder /Usuario/src/main/resources
2023-01-07 21:39:07,047 [Worker-0: Import Getting Started Content] INFO  o.e.m.j.i.AbstractJavaProjectConfigurator - Adding source folder /Usuario/src/test/java
2023-01-07 21:39:07,861 [Worker-0: Import Getting Started Content] INFO  o.e.m.c.i.p.ProjectConfigurationManager - Update completed for 1 poms: local refresh takes 0,00 sec, refresh facades takes 1,00 sec, update config takes 0,00 sec 
2023-01-07 21:39:07,941 [Worker-8: Updating Maven Project] INFO  o.e.m.c.i.p.ProjectConfigurationManager - Update started
2023-01-07 21:39:08,396 [Worker-8: Updating Maven Project] INFO  o.e.m.c.i.l.LifecycleMappingFactory - Using org.eclipse.m2e.jdt.JarLifecycleMapping lifecycle mapping for MavenProject: com.kruger:Usuario:0.0.1-SNAPSHOT @ C:\Spring Tools 4\Construccion de una API REST\Usuario\pom.xml.
2023-01-07 21:39:09,244 [Worker-8: Updating Maven Project] INFO  o.e.m.j.i.AbstractJavaProjectConfigurator - Adding source folder /Usuario/src/main/java
2023-01-07 21:39:09,245 [Worker-8: Updating Maven Project] INFO  o.e.m.j.i.AbstractJavaProjectConfigurator - Adding resource folder /Usuario/src/main/resources
2023-01-07 21:39:09,246 [Worker-8: Updating Maven Project] INFO  o.e.m.j.i.AbstractJavaProjectConfigurator - Adding resource folder /Usuario/src/main/resources
2023-01-07 21:39:09,248 [Worker-8: Updating Maven Project] INFO  o.e.m.j.i.AbstractJavaProjectConfigurator - Adding source folder /Usuario/src/test/java
2023-01-07 21:39:09,925 [Worker-8: Updating Maven Project] INFO  o.e.m.c.i.p.ProjectConfigurationManager - Update completed for 1 poms: local refresh takes 0,00 sec, refresh facades takes 1,00 sec, update config takes 0,00 sec 
2023-01-07 22:29:57,757 [Worker-41: Launching Executing clean in C__Spring Tools 4_Construccion de una API REST_Usuario] INFO  o.eclipse.m2e.core.internal.Bundles - getClasspathEntries(Bundle=org.eclipse.m2e.maven.runtime_3.8.604.20221130-2149 [345])
2023-01-07 22:29:57,764 [Worker-41: Launching Executing clean in C__Spring Tools 4_Construccion de una API REST_Usuario] INFO  o.eclipse.m2e.core.internal.Bundles - 	Entry: C:\Spring Tools 4\sts-4.17.0.RELEASE\plugins\org.eclipse.m2e.maven.runtime_3.8.604.20221130-2149
2023-01-07 22:29:57,764 [Worker-41: Launching Executing clean in C__Spring Tools 4_Construccion de una API REST_Usuario] INFO  o.eclipse.m2e.core.internal.Bundles - 	Entry: C:\Spring Tools 4\sts-4.17.0.RELEASE\plugins\org.eclipse.m2e.maven.runtime_3.8.604.20221130-2149\jars\aether-connector-okhttp-0.17.8.jar
2023-01-07 22:29:57,764 [Worker-41: Launching Executing clean in C__Spring Tools 4_Construccion de una API REST_Usuario] INFO  o.eclipse.m2e.core.internal.Bundles - 	Entry: C:\Spring Tools 4\sts-4.17.0.RELEASE\plugins\org.eclipse.m2e.maven.runtime_3.8.604.20221130-2149\jars\commons-cli-1.4.jar
2023-01-07 22:29:57,765 [Worker-41: Launching Executing clean in C__Spring Tools 4_Construccion de una API REST_Usuario] INFO  o.eclipse.m2e.core.internal.Bundles - 	Entry: C:\Spring Tools 4\sts-4.17.0.RELEASE\plugins\org.eclipse.m2e.maven.runtime_3.8.604.20221130-2149\jars\commons-io-2.6.jar
2023-01-07 22:29:57,765 [Worker-41: Launching Executing clean in C__Spring Tools 4_Construccion de una API REST_Usuario] INFO  o.eclipse.m2e.core.internal.Bundles - 	Entry: C:\Spring Tools 4\sts-4.17.0.RELEASE\plugins\org.eclipse.m2e.maven.runtime_3.8.604.20221130-2149\jars\commons-lang3-3.8.1.jar
2023-01-07 22:29:57,765 [Worker-41: Launching Executing clean in C__Spring Tools 4_Construccion de una API REST_Usuario] INFO  o.eclipse.m2e.core.internal.Bundles - 	Entry: C:\Spring Tools 4\sts-4.17.0.RELEASE\plugins\org.eclipse.m2e.maven.runtime_3.8.604.20221130-2149\jars\guice-4.2.2-no_aop.jar
2023-01-07 22:29:57,766 [Worker-41: Launching Executing clean in C__Spring Tools 4_Construccion de una API REST_Usuario] INFO  o.eclipse.m2e.core.internal.Bundles - 	Entry: C:\Spring Tools 4\sts-4.17.0.RELEASE\plugins\org.eclipse.m2e.maven.runtime_3.8.604.20221130-2149\jars\jansi-2.4.0.jar
2023-01-07 22:29:57,766 [Worker-41: Launching Executing clean in C__Spring Tools 4_Construccion de una API REST_Usuario] INFO  o.eclipse.m2e.core.internal.Bundles - 	Entry: C:\Spring Tools 4\sts-4.17.0.RELEASE\plugins\org.eclipse.m2e.maven.runtime_3.8.604.20221130-2149\jars\maven-artifact-3.8.6.jar
2023-01-07 22:29:57,766 [Worker-41: Launching Executing clean in C__Spring Tools 4_Construccion de una API REST_Usuario] INFO  o.eclipse.m2e.core.internal.Bundles - 	Entry: C:\Spring Tools 4\sts-4.17.0.RELEASE\plugins\org.eclipse.m2e.maven.runtime_3.8.604.20221130-2149\jars\maven-builder-support-3.8.6.jar
2023-01-07 22:29:57,767 [Worker-41: Launching Executing clean in C__Spring Tools 4_Construccion de una API REST_Usuario] INFO  o.eclipse.m2e.core.internal.Bundles - 	Entry: C:\Spring Tools 4\sts-4.17.0.RELEASE\plugins\org.eclipse.m2e.maven.runtime_3.8.604.20221130-2149\jars\maven-compat-3.8.6.jar
2023-01-07 22:29:57,767 [Worker-41: Launching Executing clean in C__Spring Tools 4_Construccion de una API REST_Usuario] INFO  o.eclipse.m2e.core.internal.Bundles - 	Entry: C:\Spring Tools 4\sts-4.17.0.RELEASE\plugins\org.eclipse.m2e.maven.runtime_3.8.604.20221130-2149\jars\maven-core-3.8.6.jar
2023-01-07 22:29:57,767 [Worker-41: Launching Executing clean in C__Spring Tools 4_Construccion de una API REST_Usuario] INFO  o.eclipse.m2e.core.internal.Bundles - 	Entry: C:\Spring Tools 4\sts-4.17.0.RELEASE\plugins\org.eclipse.m2e.maven.runtime_3.8.604.20221130-2149\jars\maven-embedder-3.8.6.jar
2023-01-07 22:29:57,767 [Worker-41: Launching Executing clean in C__Spring Tools 4_Construccion de una API REST_Usuario] INFO  o.eclipse.m2e.core.internal.Bundles - 	Entry: C:\Spring Tools 4\sts-4.17.0.RELEASE\plugins\org.eclipse.m2e.maven.runtime_3.8.604.20221130-2149\jars\maven-model-3.8.6.jar
2023-01-07 22:29:57,768 [Worker-41: Launching Executing clean in C__Spring Tools 4_Construccion de una API REST_Usuario] INFO  o.eclipse.m2e.core.internal.Bundles - 	Entry: C:\Spring Tools 4\sts-4.17.0.RELEASE\plugins\org.eclipse.m2e.maven.runtime_3.8.604.20221130-2149\jars\maven-model-builder-3.8.6.jar
2023-01-07 22:29:57,768 [Worker-41: Launching Executing clean in C__Spring Tools 4_Construccion de una API REST_Usuario] INFO  o.eclipse.m2e.core.internal.Bundles - 	Entry: C:\Spring Tools 4\sts-4.17.0.RELEASE\plugins\org.eclipse.m2e.maven.runtime_3.8.604.20221130-2149\jars\maven-plugin-api-3.8.6.jar
2023-01-07 22:29:57,768 [Worker-41: Launching Executing clean in C__Spring Tools 4_Construccion de una API REST_Usuario] INFO  o.eclipse.m2e.core.internal.Bundles - 	Entry: C:\Spring Tools 4\sts-4.17.0.RELEASE\plugins\org.eclipse.m2e.maven.runtime_3.8.604.20221130-2149\jars\maven-repository-metadata-3.8.6.jar
2023-01-07 22:29:57,768 [Worker-41: Launching Executing clean in C__Spring Tools 4_Construccion de una API REST_Usuario] INFO  o.eclipse.m2e.core.internal.Bundles - 	Entry: C:\Spring Tools 4\sts-4.17.0.RELEASE\plugins\org.eclipse.m2e.maven.runtime_3.8.604.20221130-2149\jars\maven-resolver-api-1.6.3.jar
2023-01-07 22:29:57,769 [Worker-41: Launching Executing clean in C__Spring Tools 4_Construccion de una API REST_Usuario] INFO  o.eclipse.m2e.core.internal.Bundles - 	Entry: C:\Spring Tools 4\sts-4.17.0.RELEASE\plugins\org.eclipse.m2e.maven.runtime_3.8.604.20221130-2149\jars\maven-resolver-connector-basic-1.6.3.jar
2023-01-07 22:29:57,770 [Worker-41: Launching Executing clean in C__Spring Tools 4_Construccion de una API REST_Usuario] INFO  o.eclipse.m2e.core.internal.Bundles - 	Entry: C:\Spring Tools 4\sts-4.17.0.RELEASE\plugins\org.eclipse.m2e.maven.runtime_3.8.604.20221130-2149\jars\maven-resolver-impl-1.6.3.jar
2023-01-07 22:29:57,770 [Worker-41: Launching Executing clean in C__Spring Tools 4_Construccion de una API REST_Usuario] INFO  o.eclipse.m2e.core.internal.Bundles - 	Entry: C:\Spring Tools 4\sts-4.17.0.RELEASE\plugins\org.eclipse.m2e.maven.runtime_3.8.604.20221130-2149\jars\maven-resolver-provider-3.8.6.jar
2023-01-07 22:29:57,770 [Worker-41: Launching Executing clean in C__Spring Tools 4_Construccion de una API REST_Usuario] INFO  o.eclipse.m2e.core.internal.Bundles - 	Entry: C:\Spring Tools 4\sts-4.17.0.RELEASE\plugins\org.eclipse.m2e.maven.runtime_3.8.604.20221130-2149\jars\maven-resolver-spi-1.6.3.jar
2023-01-07 22:29:57,770 [Worker-41: Launching Executing clean in C__Spring Tools 4_Construccion de una API REST_Usuario] INFO  o.eclipse.m2e.core.internal.Bundles - 	Entry: C:\Spring Tools 4\sts-4.17.0.RELEASE\plugins\org.eclipse.m2e.maven.runtime_3.8.604.20221130-2149\jars\maven-resolver-transport-wagon-1.6.3.jar
2023-01-07 22:29:57,771 [Worker-41: Launching Executing clean in C__Spring Tools 4_Construccion de una API REST_Usuario] INFO  o.eclipse.m2e.core.internal.Bundles - 	Entry: C:\Spring Tools 4\sts-4.17.0.RELEASE\plugins\org.eclipse.m2e.maven.runtime_3.8.604.20221130-2149\jars\maven-resolver-util-1.6.3.jar
2023-01-07 22:29:57,771 [Worker-41: Launching Executing clean in C__Spring Tools 4_Construccion de una API REST_Usuario] INFO  o.eclipse.m2e.core.internal.Bundles - 	Entry: C:\Spring Tools 4\sts-4.17.0.RELEASE\plugins\org.eclipse.m2e.maven.runtime_3.8.604.20221130-2149\jars\maven-settings-3.8.6.jar
2023-01-07 22:29:57,771 [Worker-41: Launching Executing clean in C__Spring Tools 4_Construccion de una API REST_Usuario] INFO  o.eclipse.m2e.core.internal.Bundles - 	Entry: C:\Spring Tools 4\sts-4.17.0.RELEASE\plugins\org.eclipse.m2e.maven.runtime_3.8.604.20221130-2149\jars\maven-settings-builder-3.8.6.jar
2023-01-07 22:29:57,771 [Worker-41: Launching Executing clean in C__Spring Tools 4_Construccion de una API REST_Usuario] INFO  o.eclipse.m2e.core.internal.Bundles - 	Entry: C:\Spring Tools 4\sts-4.17.0.RELEASE\plugins\org.eclipse.m2e.maven.runtime_3.8.604.20221130-2149\jars\maven-shared-utils-3.3.4.jar
2023-01-07 22:29:57,771 [Worker-41: Launching Executing clean in C__Spring Tools 4_Construccion de una API REST_Usuario] INFO  o.eclipse.m2e.core.internal.Bundles - 	Entry: C:\Spring Tools 4\sts-4.17.0.RELEASE\plugins\org.eclipse.m2e.maven.runtime_3.8.604.20221130-2149\jars\okhttp-3.14.1.jar
2023-01-07 22:29:57,772 [Worker-41: Launching Executing clean in C__Spring Tools 4_Construccion de una API REST_Usuario] INFO  o.eclipse.m2e.core.internal.Bundles - 	Entry: C:\Spring Tools 4\sts-4.17.0.RELEASE\plugins\org.eclipse.m2e.maven.runtime_3.8.604.20221130-2149\jars\okio-1.17.3.jar
2023-01-07 22:29:57,772 [Worker-41: Launching Executing clean in C__Spring Tools 4_Construccion de una API REST_Usuario] INFO  o.eclipse.m2e.core.internal.Bundles - 	Entry: C:\Spring Tools 4\sts-4.17.0.RELEASE\plugins\org.eclipse.m2e.maven.runtime_3.8.604.20221130-2149\jars\org.eclipse.sisu.inject-0.3.5.jar
2023-01-07 22:29:57,772 [Worker-41: Launching Executing clean in C__Spring Tools 4_Construccion de una API REST_Usuario] INFO  o.eclipse.m2e.core.internal.Bundles - 	Entry: C:\Spring Tools 4\sts-4.17.0.RELEASE\plugins\org.eclipse.m2e.maven.runtime_3.8.604.20221130-2149\jars\org.eclipse.sisu.plexus-0.3.5.jar
2023-01-07 22:29:57,773 [Worker-41: Launching Executing clean in C__Spring Tools 4_Construccion de una API REST_Usuario] INFO  o.eclipse.m2e.core.internal.Bundles - 	Entry: C:\Spring Tools 4\sts-4.17.0.RELEASE\plugins\org.eclipse.m2e.maven.runtime_3.8.604.20221130-2149\jars\plexus-build-api-0.0.7.jar
2023-01-07 22:29:57,773 [Worker-41: Launching Executing clean in C__Spring Tools 4_Construccion de una API REST_Usuario] INFO  o.eclipse.m2e.core.internal.Bundles - 	Entry: C:\Spring Tools 4\sts-4.17.0.RELEASE\plugins\org.eclipse.m2e.maven.runtime_3.8.604.20221130-2149\jars\plexus-cipher-2.0.jar
2023-01-07 22:29:57,773 [Worker-41: Launching Executing clean in C__Spring Tools 4_Construccion de una API REST_Usuario] INFO  o.eclipse.m2e.core.internal.Bundles - 	Entry: C:\Spring Tools 4\sts-4.17.0.RELEASE\plugins\org.eclipse.m2e.maven.runtime_3.8.604.20221130-2149\jars\plexus-classworlds-2.6.0.jar
2023-01-07 22:29:57,773 [Worker-41: Launching Executing clean in C__Spring Tools 4_Construccion de una API REST_Usuario] INFO  o.eclipse.m2e.core.internal.Bundles - 	Entry: C:\Spring Tools 4\sts-4.17.0.RELEASE\plugins\org.eclipse.m2e.maven.runtime_3.8.604.20221130-2149\jars\plexus-component-annotations-2.1.0.jar
2023-01-07 22:29:57,774 [Worker-41: Launching Executing clean in C__Spring Tools 4_Construccion de una API REST_Usuario] INFO  o.eclipse.m2e.core.internal.Bundles - 	Entry: C:\Spring Tools 4\sts-4.17.0.RELEASE\plugins\org.eclipse.m2e.maven.runtime_3.8.604.20221130-2149\jars\plexus-interpolation-1.26.jar
2023-01-07 22:29:57,774 [Worker-41: Launching Executing clean in C__Spring Tools 4_Construccion de una API REST_Usuario] INFO  o.eclipse.m2e.core.internal.Bundles - 	Entry: C:\Spring Tools 4\sts-4.17.0.RELEASE\plugins\org.eclipse.m2e.maven.runtime_3.8.604.20221130-2149\jars\plexus-sec-dispatcher-2.0.jar
2023-01-07 22:29:57,774 [Worker-41: Launching Executing clean in C__Spring Tools 4_Construccion de una API REST_Usuario] INFO  o.eclipse.m2e.core.internal.Bundles - 	Entry: C:\Spring Tools 4\sts-4.17.0.RELEASE\plugins\org.eclipse.m2e.maven.runtime_3.8.604.20221130-2149\jars\plexus-utils-3.3.1.jar
2023-01-07 22:29:57,774 [Worker-41: Launching Executing clean in C__Spring Tools 4_Construccion de una API REST_Usuario] INFO  o.eclipse.m2e.core.internal.Bundles - 	Entry: C:\Spring Tools 4\sts-4.17.0.RELEASE\plugins\org.eclipse.m2e.maven.runtime_3.8.604.20221130-2149\jars\wagon-file-3.5.1.jar
2023-01-07 22:29:57,775 [Worker-41: Launching Executing clean in C__Spring Tools 4_Construccion de una API REST_Usuario] INFO  o.eclipse.m2e.core.internal.Bundles - 	Entry: C:\Spring Tools 4\sts-4.17.0.RELEASE\plugins\org.eclipse.m2e.maven.runtime_3.8.604.20221130-2149\jars\wagon-provider-api-3.5.1.jar
2023-01-07 22:29:57,777 [Worker-41: Launching Executing clean in C__Spring Tools 4_Construccion de una API REST_Usuario] INFO  o.eclipse.m2e.core.internal.Bundles - getClasspathEntries(Bundle=com.google.guava_30.1.0.v20221112-0806 [22])
2023-01-07 22:29:57,780 [Worker-41: Launching Executing clean in C__Spring Tools 4_Construccion de una API REST_Usuario] INFO  o.eclipse.m2e.core.internal.Bundles - 	Entry: C:\Spring Tools 4\sts-4.17.0.RELEASE\plugins\com.google.guava_30.1.0.v20221112-0806.jar
2023-01-07 22:29:57,780 [Worker-41: Launching Executing clean in C__Spring Tools 4_Construccion de una API REST_Usuario] INFO  o.eclipse.m2e.core.internal.Bundles - getClasspathEntries(Bundle=slf4j.api_1.7.36 [584])
2023-01-07 22:29:57,782 [Worker-41: Launching Executing clean in C__Spring Tools 4_Construccion de una API REST_Usuario] INFO  o.eclipse.m2e.core.internal.Bundles - 	Entry: C:\Spring Tools 4\sts-4.17.0.RELEASE\plugins\slf4j.api_1.7.36.jar
2023-01-07 22:29:57,782 [Worker-41: Launching Executing clean in C__Spring Tools 4_Construccion de una API REST_Usuario] INFO  o.eclipse.m2e.core.internal.Bundles - getClasspathEntries(Bundle=javax.inject_1.0.0.v20220405-0441 [49])
2023-01-07 22:29:57,783 [Worker-41: Launching Executing clean in C__Spring Tools 4_Construccion de una API REST_Usuario] INFO  o.eclipse.m2e.core.internal.Bundles - 	Entry: C:\Spring Tools 4\sts-4.17.0.RELEASE\plugins\javax.inject_1.0.0.v20220405-0441.jar
2023-01-07 22:29:57,784 [Worker-41: Launching Executing clean in C__Spring Tools 4_Construccion de una API REST_Usuario] INFO  o.eclipse.m2e.core.internal.Bundles - getClasspathEntries(Bundle=javax.annotation_1.3.5.v20221112-0806 [47])
2023-01-07 22:29:57,786 [Worker-41: Launching Executing clean in C__Spring Tools 4_Construccion de una API REST_Usuario] INFO  o.eclipse.m2e.core.internal.Bundles - 	Entry: C:\Spring Tools 4\sts-4.17.0.RELEASE\plugins\javax.annotation_1.3.5.v20221112-0806.jar
2023-01-07 22:29:57,791 [Worker-41: Launching Executing clean in C__Spring Tools 4_Construccion de una API REST_Usuario] INFO  o.e.m.i.launch.MavenLaunchDelegate - Run build in "C:\Spring Tools 4\Construccion de una API REST\Usuario":
2023-01-07 22:29:57,793 [Worker-41: Launching Executing clean in C__Spring Tools 4_Construccion de una API REST_Usuario] INFO  o.e.m.i.launch.MavenLaunchDelegate -  mvn  -Ppom.xml -B -Dstyle.color=always clean
